  main.cpp
C:\Users\syeda\source\repos\OOP-Project-Tetris\OOP-Project-Tetris\main.cpp(72,75): warning C4244: 'argument': conversion from 'int' to 'float', possible loss of data
C:\Users\syeda\source\repos\OOP-Project-Tetris\OOP-Project-Tetris\main.cpp(72,43): warning C4244: 'argument': conversion from 'int' to 'float', possible loss of data
C:\Users\syeda\source\repos\OOP-Project-Tetris\OOP-Project-Tetris\main.cpp(154,75): warning C4244: 'argument': conversion from 'int' to 'float', possible loss of data
C:\Users\syeda\source\repos\OOP-Project-Tetris\OOP-Project-Tetris\main.cpp(154,43): warning C4244: 'argument': conversion from 'int' to 'float', possible loss of data
C:\Users\syeda\source\repos\OOP-Project-Tetris\OOP-Project-Tetris\main.cpp(246,12): error C2535: 'Piece *Sq_Piece::clone(void) const': member function already defined or declared
      C:\Users\syeda\source\repos\OOP-Project-Tetris\OOP-Project-Tetris\main.cpp(242,12):
      see declaration of 'Sq_Piece::clone'
  
C:\Users\syeda\source\repos\OOP-Project-Tetris\OOP-Project-Tetris\main.cpp(223,69): warning C4244: 'argument': conversion from 'int' to 'float', possible loss of data
C:\Users\syeda\source\repos\OOP-Project-Tetris\OOP-Project-Tetris\main.cpp(223,43): warning C4244: 'argument': conversion from 'int' to 'float', possible loss of data
C:\Users\syeda\source\repos\OOP-Project-Tetris\OOP-Project-Tetris\main.cpp(279,75): warning C4244: 'argument': conversion from 'int' to 'float', possible loss of data
C:\Users\syeda\source\repos\OOP-Project-Tetris\OOP-Project-Tetris\main.cpp(279,43): warning C4244: 'argument': conversion from 'int' to 'float', possible loss of data
C:\Users\syeda\source\repos\OOP-Project-Tetris\OOP-Project-Tetris\main.cpp(355,75): warning C4244: 'argument': conversion from 'int' to 'float', possible loss of data
C:\Users\syeda\source\repos\OOP-Project-Tetris\OOP-Project-Tetris\main.cpp(355,43): warning C4244: 'argument': conversion from 'int' to 'float', possible loss of data
C:\Users\syeda\source\repos\OOP-Project-Tetris\OOP-Project-Tetris\main.cpp(431,75): warning C4244: 'argument': conversion from 'int' to 'float', possible loss of data
C:\Users\syeda\source\repos\OOP-Project-Tetris\OOP-Project-Tetris\main.cpp(431,43): warning C4244: 'argument': conversion from 'int' to 'float', possible loss of data
C:\Users\syeda\source\repos\OOP-Project-Tetris\OOP-Project-Tetris\main.cpp(508,75): warning C4244: 'argument': conversion from 'int' to 'float', possible loss of data
C:\Users\syeda\source\repos\OOP-Project-Tetris\OOP-Project-Tetris\main.cpp(508,43): warning C4244: 'argument': conversion from 'int' to 'float', possible loss of data
C:\Users\syeda\source\repos\OOP-Project-Tetris\OOP-Project-Tetris\main.cpp(587,72): warning C4244: 'argument': conversion from 'int' to 'float', possible loss of data
C:\Users\syeda\source\repos\OOP-Project-Tetris\OOP-Project-Tetris\main.cpp(587,46): warning C4244: 'argument': conversion from 'int' to 'float', possible loss of data
C:\Users\syeda\source\repos\OOP-Project-Tetris\OOP-Project-Tetris\main.cpp(597,74): warning C4244: 'argument': conversion from 'int' to 'float', possible loss of data
C:\Users\syeda\source\repos\OOP-Project-Tetris\OOP-Project-Tetris\main.cpp(597,42): warning C4244: 'argument': conversion from 'int' to 'float', possible loss of data
C:\Users\syeda\source\repos\OOP-Project-Tetris\OOP-Project-Tetris\main.cpp(671,14): error C2082: redefinition of formal parameter 'font'
